# JRE version: Java(TM) SE Runtime Environment (18.0.2.1+1) (build 18.0.2.1+1-1)
# Java VM: Java HotSpot(TM) 64-Bit Server VM (18.0.2.1+1-1, mixed mode, sharing, tiered, compressed oops, compressed class ptrs, g1 gc, windows-amd64)
GC Precious Log:
 CardTable entry size: 512
 Card Set container configuration: InlinePtr #cards 5 size 8 Array Of Cards #cards 12 size 40 Howl #buckets 4 coarsen threshold 1843 Howl Bitmap #cards 512 size 80 coarsen threshold 460 Card regions per heap region 1 cards per card region 2048
 CPUs: 2 total, 2 available
 Memory: 3095M
 Large Page Support: Disabled
 NUMA Support: Disabled
 Compressed Oops: Enabled (32-bit)
 Heap Region Size: 1M
 Heap Min Capacity: 8M
 Heap Initial Capacity: 50M
 Heap Max Capacity: 774M
 Pre-touch: Disabled
 Parallel Workers: 2
 Concurrent Workers: 1
 Concurrent Refinement Workers: 2
 Periodic GC: Disabled
Heap:
 garbage-first heap   total 61440K, used 30795K [0x00000000cfa00000, 0x0000000100000000)
  region size 1024K, 20 young (20480K), 3 survivors (3072K)
 Metaspace       used 26798K, committed 27072K, reserved 1114112K
  class space    used 3453K, committed 3584K, reserved 1048576K
GC Heap History (16 events):
Event: 0.781 GC heap before
{Heap before GC invocations=0 (full 0):
 garbage-first heap   total 51200K, used 6144K [0x00000000cfa00000, 0x0000000100000000)
  region size 1024K, 6 young (6144K), 0 survivors (0K)
 Metaspace       used 1870K, committed 2048K, reserved 1114112K
  class space    used 173K, committed 256K, reserved 1048576K
}
Event: 0.793 GC heap after
{Heap after GC invocations=1 (full 0):
 garbage-first heap   total 51200K, used 3918K [0x00000000cfa00000, 0x0000000100000000)
  region size 1024K, 1 young (1024K), 1 survivors (1024K)
 Metaspace       used 1870K, committed 2048K, reserved 1114112K
  class space    used 173K, committed 256K, reserved 1048576K
}
Event: 0.933 GC heap before
{Heap before GC invocations=1 (full 0):
 garbage-first heap   total 51200K, used 6990K [0x00000000cfa00000, 0x0000000100000000)
  region size 1024K, 5 young (5120K), 1 survivors (1024K)
 Metaspace       used 1932K, committed 2112K, reserved 1114112K
  class space    used 173K, committed 256K, reserved 1048576K
}
Event: 0.938 GC heap after
{Heap after GC invocations=2 (full 0):
 garbage-first heap   total 51200K, used 7301K [0x00000000cfa00000, 0x0000000100000000)
  region size 1024K, 1 young (1024K), 1 survivors (1024K)
 Metaspace       used 1932K, committed 2112K, reserved 1114112K
  class space    used 173K, committed 256K, reserved 1048576K
}
Event: 1.895 GC heap before
{Heap before GC invocations=2 (full 0):
 garbage-first heap   total 51200K, used 12421K [0x00000000cfa00000, 0x0000000100000000)
  region size 1024K, 7 young (7168K), 1 survivors (1024K)
 Metaspace       used 3678K, committed 3904K, reserved 1114112K
  class space    used 384K, committed 512K, reserved 1048576K
}
Event: 1.899 GC heap after
{Heap after GC invocations=3 (full 0):
 garbage-first heap   total 51200K, used 8119K [0x00000000cfa00000, 0x0000000100000000)
  region size 1024K, 1 young (1024K), 1 survivors (1024K)
 Metaspace       used 3678K, committed 3904K, reserved 1114112K
  class space    used 384K, committed 512K, reserved 1048576K
}
Event: 3.536 GC heap before
{Heap before GC invocations=3 (full 0):
 garbage-first heap   total 51200K, used 21431K [0x00000000cfa00000, 0x0000000100000000)
  region size 1024K, 14 young (14336K), 1 survivors (1024K)
 Metaspace       used 7405K, committed 7616K, reserved 1114112K
  class space    used 867K, committed 960K, reserved 1048576K
}
Event: 3.540 GC heap after
{Heap after GC invocations=4 (full 0):
 garbage-first heap   total 51200K, used 8997K [0x00000000cfa00000, 0x0000000100000000)
  region size 1024K, 2 young (2048K), 2 survivors (2048K)
 Metaspace       used 7405K, committed 7616K, reserved 1114112K
  class space    used 867K, committed 960K, reserved 1048576K
}
Event: 5.281 GC heap before
{Heap before GC invocations=4 (full 0):
 garbage-first heap   total 51200K, used 31525K [0x00000000cfa00000, 0x0000000100000000)
  region size 1024K, 25 young (25600K), 2 survivors (2048K)
 Metaspace       used 13106K, committed 13376K, reserved 1114112K
  class space    used 1638K, committed 1792K, reserved 1048576K
}
Event: 5.289 GC heap after
{Heap after GC invocations=5 (full 0):
 garbage-first heap   total 51200K, used 10768K [0x00000000cfa00000, 0x0000000100000000)
  region size 1024K, 4 young (4096K), 4 survivors (4096K)
 Metaspace       used 13106K, committed 13376K, reserved 1114112K
  class space    used 1638K, committed 1792K, reserved 1048576K
}
Event: 6.416 GC heap before
{Heap before GC invocations=5 (full 0):
 garbage-first heap   total 51200K, used 33296K [0x00000000cfa00000, 0x0000000100000000)
  region size 1024K, 27 young (27648K), 4 survivors (4096K)
 Metaspace       used 18090K, committed 18368K, reserved 1114112K
  class space    used 2357K, committed 2496K, reserved 1048576K
}
Event: 6.434 GC heap after
{Heap after GC invocations=6 (full 0):
 garbage-first heap   total 51200K, used 12467K [0x00000000cfa00000, 0x0000000100000000)
  region size 1024K, 4 young (4096K), 4 survivors (4096K)
 Metaspace       used 18090K, committed 18368K, reserved 1114112K
  class space    used 2357K, committed 2496K, reserved 1048576K
}
Event: 7.043 GC heap before
{Heap before GC invocations=6 (full 0):
 garbage-first heap   total 51200K, used 25779K [0x00000000cfa00000, 0x0000000100000000)
  region size 1024K, 19 young (19456K), 4 survivors (4096K)
 Metaspace       used 21248K, committed 21504K, reserved 1114112K
  class space    used 2679K, committed 2816K, reserved 1048576K
}
Event: 7.052 GC heap after
{Heap after GC invocations=7 (full 0):
 garbage-first heap   total 51200K, used 13652K [0x00000000cfa00000, 0x0000000100000000)
  region size 1024K, 3 young (3072K), 3 survivors (3072K)
 Metaspace       used 21248K, committed 21504K, reserved 1114112K
  class space    used 2679K, committed 2816K, reserved 1048576K
}
Event: 8.206 GC heap before
{Heap before GC invocations=8 (full 0):
 garbage-first heap   total 51200K, used 36180K [0x00000000cfa00000, 0x0000000100000000)
  region size 1024K, 25 young (25600K), 3 survivors (3072K)
 Metaspace       used 24206K, committed 24448K, reserved 1114112K
  class space    used 3090K, committed 3200K, reserved 1048576K
}
Event: 8.217 GC heap after
{Heap after GC invocations=9 (full 0):
 garbage-first heap   total 61440K, used 14411K [0x00000000cfa00000, 0x0000000100000000)
  region size 1024K, 3 young (3072K), 3 survivors (3072K)
 Metaspace       used 24206K, committed 24448K, reserved 1114112K
  class space    used 3090K, committed 3200K, reserved 1048576K
}

